2023-05-02 17:32:09 DEBUG RequestAddCookies:123 - CookieSpec selected: default
2023-05-02 17:32:09 DEBUG RequestAuthCache:77 - Auth cache not set in the context
2023-05-02 17:32:09 DEBUG PoolingHttpClientConnectionManager:267 - Connection request: [route: {s}->https://api.github.com:443][total available: 0; route allocated: 0 of 2; total allocated: 0 of 20]
2023-05-02 17:32:09 DEBUG PoolingHttpClientConnectionManager:312 - Connection leased: [id: 0][route: {s}->https://api.github.com:443][total available: 0; route allocated: 1 of 2; total allocated: 1 of 20]
2023-05-02 17:32:09 DEBUG MainClientExec:234 - Opening connection {s}->https://api.github.com:443
2023-05-02 17:32:09 DEBUG DefaultHttpClientConnectionOperator:139 - Connecting to api.github.com/140.82.121.5:443
2023-05-02 17:32:09 DEBUG SSLConnectionSocketFactory:366 - Connecting socket to api.github.com/140.82.121.5:443 with timeout 0
2023-05-02 17:32:09 DEBUG SSLConnectionSocketFactory:430 - Enabled protocols: [TLSv1.3, TLSv1.2]
2023-05-02 17:32:09 DEBUG SSLConnectionSocketFactory:431 - Enabled cipher suites:[TLS_AES_256_GCM_SHA384, TLS_AES_128_GCM_SHA256, TLS_CHACHA20_POLY1305_SHA256, TLS_ECDHE_ECDSA_WITH_AES_256_GCM_SHA384, TLS_ECDHE_ECDSA_WITH_AES_128_GCM_SHA256, TLS_ECDHE_ECDSA_WITH_CHACHA20_POLY1305_SHA256, TLS_ECDHE_RSA_WITH_AES_256_GCM_SHA384, TLS_ECDHE_RSA_WITH_CHACHA20_POLY1305_SHA256, TLS_ECDHE_RSA_WITH_AES_128_GCM_SHA256, TLS_DHE_RSA_WITH_AES_256_GCM_SHA384, TLS_DHE_RSA_WITH_CHACHA20_POLY1305_SHA256, TLS_DHE_DSS_WITH_AES_256_GCM_SHA384, TLS_DHE_RSA_WITH_AES_128_GCM_SHA256, TLS_DHE_DSS_WITH_AES_128_GCM_SHA256, TLS_ECDHE_ECDSA_WITH_AES_256_CBC_SHA384, TLS_ECDHE_RSA_WITH_AES_256_CBC_SHA384, TLS_ECDHE_ECDSA_WITH_AES_128_CBC_SHA256, TLS_ECDHE_RSA_WITH_AES_128_CBC_SHA256, TLS_DHE_RSA_WITH_AES_256_CBC_SHA256, TLS_DHE_DSS_WITH_AES_256_CBC_SHA256, TLS_DHE_RSA_WITH_AES_128_CBC_SHA256, TLS_DHE_DSS_WITH_AES_128_CBC_SHA256, TLS_ECDH_ECDSA_WITH_AES_256_GCM_SHA384, TLS_ECDH_RSA_WITH_AES_256_GCM_SHA384, TLS_ECDH_ECDSA_WITH_AES_128_GCM_SHA256, TLS_ECDH_RSA_WITH_AES_128_GCM_SHA256, TLS_ECDH_ECDSA_WITH_AES_256_CBC_SHA384, TLS_ECDH_RSA_WITH_AES_256_CBC_SHA384, TLS_ECDH_ECDSA_WITH_AES_128_CBC_SHA256, TLS_ECDH_RSA_WITH_AES_128_CBC_SHA256, TLS_ECDHE_ECDSA_WITH_AES_256_CBC_SHA, TLS_ECDHE_RSA_WITH_AES_256_CBC_SHA, TLS_ECDHE_ECDSA_WITH_AES_128_CBC_SHA, TLS_ECDHE_RSA_WITH_AES_128_CBC_SHA, TLS_DHE_RSA_WITH_AES_256_CBC_SHA, TLS_DHE_DSS_WITH_AES_256_CBC_SHA, TLS_DHE_RSA_WITH_AES_128_CBC_SHA, TLS_DHE_DSS_WITH_AES_128_CBC_SHA, TLS_ECDH_ECDSA_WITH_AES_256_CBC_SHA, TLS_ECDH_RSA_WITH_AES_256_CBC_SHA, TLS_ECDH_ECDSA_WITH_AES_128_CBC_SHA, TLS_ECDH_RSA_WITH_AES_128_CBC_SHA, TLS_RSA_WITH_AES_256_GCM_SHA384, TLS_RSA_WITH_AES_128_GCM_SHA256, TLS_RSA_WITH_AES_256_CBC_SHA256, TLS_RSA_WITH_AES_128_CBC_SHA256, TLS_RSA_WITH_AES_256_CBC_SHA, TLS_RSA_WITH_AES_128_CBC_SHA, TLS_EMPTY_RENEGOTIATION_INFO_SCSV]
2023-05-02 17:32:09 DEBUG SSLConnectionSocketFactory:435 - Starting handshake
2023-05-02 17:32:09 DEBUG SSLConnectionSocketFactory:465 - Secure session established
2023-05-02 17:32:09 DEBUG SSLConnectionSocketFactory:466 -  negotiated protocol: TLSv1.3
2023-05-02 17:32:09 DEBUG SSLConnectionSocketFactory:467 -  negotiated cipher suite: TLS_AES_128_GCM_SHA256
2023-05-02 17:32:09 DEBUG SSLConnectionSocketFactory:475 -  peer principal: CN=*.github.com, O="GitHub, Inc.", L=San Francisco, ST=California, C=US
2023-05-02 17:32:09 DEBUG SSLConnectionSocketFactory:484 -  peer alternative names: [*.github.com, github.com]
2023-05-02 17:32:09 DEBUG SSLConnectionSocketFactory:488 -  issuer principal: CN=DigiCert TLS Hybrid ECC SHA384 2020 CA1, O=DigiCert Inc, C=US
2023-05-02 17:32:09 DEBUG DefaultHttpClientConnectionOperator:146 - Connection established 192.168.121.44:52975<->140.82.121.5:443
2023-05-02 17:32:09 DEBUG MainClientExec:255 - Executing request GET /users HTTP/1.1
2023-05-02 17:32:09 DEBUG MainClientExec:260 - Target auth state: UNCHALLENGED
2023-05-02 17:32:09 DEBUG MainClientExec:266 - Proxy auth state: UNCHALLENGED
2023-05-02 17:32:09 DEBUG headers:133 - http-outgoing-0 >> GET /users HTTP/1.1
2023-05-02 17:32:09 DEBUG headers:136 - http-outgoing-0 >> Accept: application/vnd.github+json
2023-05-02 17:32:09 DEBUG headers:136 - http-outgoing-0 >> X-GitHub-Api-Version: 2022-11-28
2023-05-02 17:32:09 DEBUG headers:136 - http-outgoing-0 >> Host: api.github.com
2023-05-02 17:32:09 DEBUG headers:136 - http-outgoing-0 >> Connection: Keep-Alive
2023-05-02 17:32:09 DEBUG headers:136 - http-outgoing-0 >> User-Agent: Apache-HttpClient/4.5.14 (Java/17.0.2)
2023-05-02 17:32:09 DEBUG headers:136 - http-outgoing-0 >> Accept-Encoding: gzip,deflate
2023-05-02 17:32:09 DEBUG wire:73 - http-outgoing-0 >> "GET /users HTTP/1.1[\r][\n]"
2023-05-02 17:32:09 DEBUG wire:73 - http-outgoing-0 >> "Accept: application/vnd.github+json[\r][\n]"
2023-05-02 17:32:09 DEBUG wire:73 - http-outgoing-0 >> "X-GitHub-Api-Version: 2022-11-28[\r][\n]"
2023-05-02 17:32:09 DEBUG wire:73 - http-outgoing-0 >> "Host: api.github.com[\r][\n]"
2023-05-02 17:32:09 DEBUG wire:73 - http-outgoing-0 >> "Connection: Keep-Alive[\r][\n]"
2023-05-02 17:32:09 DEBUG wire:73 - http-outgoing-0 >> "User-Agent: Apache-HttpClient/4.5.14 (Java/17.0.2)[\r][\n]"
2023-05-02 17:32:09 DEBUG wire:73 - http-outgoing-0 >> "Accept-Encoding: gzip,deflate[\r][\n]"
2023-05-02 17:32:09 DEBUG wire:73 - http-outgoing-0 >> "[\r][\n]"
2023-05-02 17:32:09 DEBUG wire:73 - http-outgoing-0 << "HTTP/1.1 200 OK[\r][\n]"
2023-05-02 17:32:09 DEBUG wire:73 - http-outgoing-0 << "Server: GitHub.com[\r][\n]"
2023-05-02 17:32:09 DEBUG wire:73 - http-outgoing-0 << "Date: Tue, 02 May 2023 14:32:09 GMT[\r][\n]"
2023-05-02 17:32:09 DEBUG wire:73 - http-outgoing-0 << "Content-Type: application/json; charset=utf-8[\r][\n]"
2023-05-02 17:32:09 DEBUG wire:73 - http-outgoing-0 << "Cache-Control: public, max-age=60, s-maxage=60[\r][\n]"
2023-05-02 17:32:09 DEBUG wire:73 - http-outgoing-0 << "Vary: Accept, Accept-Encoding, Accept, X-Requested-With[\r][\n]"
2023-05-02 17:32:09 DEBUG wire:73 - http-outgoing-0 << "ETag: W/"92bbe2ab4c3652a8ae61fd0cdc63a1f995fcb7b74a885ba6d2fa8cea04b69b05"[\r][\n]"
2023-05-02 17:32:09 DEBUG wire:73 - http-outgoing-0 << "X-GitHub-Media-Type: github.v3; format=json[\r][\n]"
2023-05-02 17:32:09 DEBUG wire:73 - http-outgoing-0 << "Link: <https://api.github.com/users?since=46>; rel="next", <https://api.github.com/users{?since}>; rel="first"[\r][\n]"
2023-05-02 17:32:09 DEBUG wire:73 - http-outgoing-0 << "x-github-api-version-selected: 2022-11-28[\r][\n]"
2023-05-02 17:32:09 DEBUG wire:73 - http-outgoing-0 << "Access-Control-Expose-Headers: ETag, Link, Location, Retry-After, X-GitHub-OTP, X-RateLimit-Limit, X-RateLimit-Remaining, X-RateLimit-Used, X-RateLimit-Resource, X-RateLimit-Reset, X-OAuth-Scopes, X-Accepted-OAuth-Scopes, X-Poll-Interval, X-GitHub-Media-Type, X-GitHub-SSO, X-GitHub-Request-Id, Deprecation, Sunset[\r][\n]"
2023-05-02 17:32:09 DEBUG wire:73 - http-outgoing-0 << "Access-Control-Allow-Origin: *[\r][\n]"
2023-05-02 17:32:09 DEBUG wire:73 - http-outgoing-0 << "Strict-Transport-Security: max-age=31536000; includeSubdomains; preload[\r][\n]"
2023-05-02 17:32:09 DEBUG wire:73 - http-outgoing-0 << "X-Frame-Options: deny[\r][\n]"
2023-05-02 17:32:09 DEBUG wire:73 - http-outgoing-0 << "X-Content-Type-Options: nosniff[\r][\n]"
2023-05-02 17:32:09 DEBUG wire:73 - http-outgoing-0 << "X-XSS-Protection: 0[\r][\n]"
2023-05-02 17:32:09 DEBUG wire:73 - http-outgoing-0 << "Referrer-Policy: origin-when-cross-origin, strict-origin-when-cross-origin[\r][\n]"
2023-05-02 17:32:09 DEBUG wire:73 - http-outgoing-0 << "Content-Security-Policy: default-src 'none'[\r][\n]"
2023-05-02 17:32:09 DEBUG wire:73 - http-outgoing-0 << "Content-Encoding: gzip[\r][\n]"
2023-05-02 17:32:09 DEBUG wire:73 - http-outgoing-0 << "X-RateLimit-Limit: 60[\r][\n]"
2023-05-02 17:32:09 DEBUG wire:73 - http-outgoing-0 << "X-RateLimit-Remaining: 57[\r][\n]"
2023-05-02 17:32:09 DEBUG wire:73 - http-outgoing-0 << "X-RateLimit-Reset: 1683040652[\r][\n]"
2023-05-02 17:32:09 DEBUG wire:73 - http-outgoing-0 << "X-RateLimit-Resource: core[\r][\n]"
2023-05-02 17:32:09 DEBUG wire:73 - http-outgoing-0 << "X-RateLimit-Used: 3[\r][\n]"
2023-05-02 17:32:09 DEBUG wire:73 - http-outgoing-0 << "Accept-Ranges: bytes[\r][\n]"
2023-05-02 17:32:09 DEBUG wire:73 - http-outgoing-0 << "Content-Length: 2150[\r][\n]"
2023-05-02 17:32:09 DEBUG wire:87 - http-outgoing-0 << "X-GitHub-Request-Id: F367:79C7:FB5E085:FDFD690:6451"
2023-05-02 17:32:09 DEBUG wire:73 - http-outgoing-0 << "1EE9[\r][\n]"
2023-05-02 17:32:09 DEBUG wire:73 - http-outgoing-0 << "[\r][\n]"
2023-05-02 17:32:09 DEBUG wire:73 - http-outgoing-0 << "[0x1f][0x8b][0x8][0x0][0x0][0x0][0x0][0x0][0x0][0x3][0xad][0xdd][o[0xdb]F[0x10][0x5][0xe0][0xff][0xa2][0xe7][0xa0][0x8a]E[0xe5][\n]"
2023-05-02 17:32:09 DEBUG wire:73 - http-outgoing-0 << "[0x4]}[0x89][[0x8][0x85][0x1a][0xf8]!E[0xda][0xa2][0x8]hi-[0xd1][0x96]H[0x81][0xa4][0xe4][0xca]F[0xfe]{[0x97][0xdc][0x9d][0xbd][0xd0][0xe2][0xa2][0xb3]g_[0x9a] [0xd9]s2Q[0xf2][0x81][0xe][0x87]R[0xff]~[0x9e][0xec][0xaa]MQN>N[0xf6][0xd5]}[0xb5][0xbf][0xad]&[0xaf]&[0xc5]z[0xf2][0xf1][0xea][0xd5][0xa4][0xac][0xd6][0xe2]{[0xf7][0xfd][0xc9][0xf2][0xf3][0xcd][0xdb]?[0xbe][0xfd][0xbe][[0xdd]_[0x92]?[0x9f][0x9f][0xf2]6[0xaf][0xbf][0x1f][0xeb][0x9d][0xfc][0xb9]m[0xdb][0x1e][0x9a][0x8f][0xd3][0xa9][0xfa][0xc1][0xe6][0xa7]M[0xd1]n[0x8f][0xb7][0xc7]F[0xd4][0xab][0xaa]lE[0xd9][0xfe][0xb4][0xaa][0xf6][0xd3][0xe3][0xf4][0xea][0xe7][0xd3][0xa7][0xb9][0xc]oj[0x1d][0xef][0x9b][0xe5][0xf][0xc]j[0xe][0x85][0xae]P9[0xd9][0xd3]L[0xed]h[0xdb]v[0xbf][0x1b][0xfc][0xc2][0xea][0x17][0xec]O[0xdb]sw[0xd5]nW=[0xca][0xec]p[0xca]@[0xfd][0xd4][0x84][0xe4]T[0xea][0xfb]E[0xb9][0xe1][0x17][0xc8][0xd0][0xf3][0xb4]j[0xb7]B[0xbe]Dr[0xfc][0x1f][0xdd]o[0xba]hZ[0xd6](}[0xe0]y[0xda]}#[0xff][0x8][0xba][0x8a]F[0xbe][0xe4][0xb5]Xs[0xc6][0xd1][0x11]9[0xcc]c)[0xe7]x[0x9e][0xd6][0xe2]P[0xf5]][0xc7][0xdb]fU[0x17][0x87][0xb6][0xa8]J[0xd6]X^P[0x16]U[0xf5]&/[0x8b][0xa7][0x9c]]$[0x83][0x8d][0xcc]w[0x3][0xb1][0x6][0xe8][0x3]2(N[0xf2]o[0x16]+[0xa9][0x12][0xcf][0xd3]C][0x9c][0xf2][0xd5][0xb9]{[0x19]j[0xb1][0x12][0xc5]I[0xbe][0xa6][0xfc][0xb6]AT[0x96][0xb5][0xe7][0x83][0x90][0xa1][0xbf][0xca]?[0xf1][0xee][0x15].Z[0xf1]=_[0xef];Yw[0xf9][0xae][0x11]?^Yikqw,[0x1f]Zy[0xac]30[0xbb],m[0x11]-m[0x6]H[0xb3][0xa3][0x85][0xa5][0xd9]s,i:[0x16]/[0xcd]/@[0xa4]Q[0x13]$[0x8d]J[0xd2]I3[0x8d].[0xd1][0x18]iT[0xc4][0x95]F9[0xbe]4J[0xa6][0x91]f[0xe7][0xf0][0x90][0xf2][0xa4][0x1d][0xee][0xb7]g[0xd1][0x92][0xb4][0xec][0xb2][0xb4]e[0xb4][0xb4][0xc][0x90]fG[0xb]K[0xb3][0xe7]X[0xd2]t,^[0x9a]_[0x80]H[0xa3]&H[0x1a][0x95][0xa4][0x93]f[0x1a]QiT[0xc4][0x95]F9[0xbe]4J[0xa6][0x91]f[0xe7][0x0][0xa4]=[0x9e]Wy[0xdb]][0x99][0xbb]K[0xda][0xfc]2[0xb4][0x9b]hhs[0x0][0x9a][0x99],[0xec][0xcc][0x1c]c1S[0xa9]xe^[0x1e]A[0xa6][0x8b] c[0xba]#[0x1d]1*D[0x85][0xe9][0x1e].0[0x1d][0xe3][0xfb][0xd2][0xc1]4[0xbc][0xcc][0x14][0x80].[0xf1][0xb4][0xaf]n[0x8b]#[0xf9]zs[0xd9][0xd7][0xd7]h_o[0x0]_[0xce]laa[0xce]A[0x96]1[0xca][0xc5]+[0x1b]4 [0xce]L[0x15]$[0xcd][0xb4][0xa4][0xb3]f+Qm[0xa6][0x89][0xeb][0xcd][0x4][0xf9][0xe2]L4[0x8d]9g[0x12]@[0x9d][0xfc][0xb7][0xe1]Y_[0xd1][0xde]^[0x16][0xf7]g[0xb4][0xb8][0xb7][0x80]8=WX[0x9b]>[0xc4][0x92][0xd6]e[0xe2][0x95]9iDX_[0x3][0xe9][0xea][0x1b][0xd2][0xc9]Ru[0xa8][0xaa][0xbe][0x85]+[0xaa][0xf][0xf1]5[0xf5][0xb1]4[0x92][0xf4][0x4][0x80]"q[0xca][0xcb][0xc3][0xf6]_[\r][0xe9][0xdd]eH[0xab]hH[0xef][0x0]Hv[0xb4][0xb0]%{[0x8e][0xc5]I[0xc7][0xe2]E[0xf9][0x5][0x8]*j[0x82]\QI:Z[0xa6][0x11][0xd5]EE\`[0x94][0xe3][0x1b][0xa3]d[0x1a]fv[0xe]@Z[0x7]M[0xec][0xe8]n[0xc7][0xd5][0x8][0xb5][0xeb]LR[0x8c][0xbb][0x85][0x8f]X[0xb3][0xc3][0x85][0xad][0xd9]s,k:[0x16]o[0xcd]/@[0xac]Q[0x13]d[0x8d]J[0xd2]Y3[0x8d][0xa8]5*[0xe2]Z[0xa3][0x1c][0xdf][0x1a]%[0xd3]X[0xb3]s[0x0][0xd6][0x1e][0xf3]s)D#6Gy[0x8b]_[0xaf][0xcc][0xde]_[0xbe][0xb6]]wk[0xaf]8p[0xef][0x81][0x8b][0xdb]`[0xc2][0xb0][0xba][0xc1]a[0x16]=7[0x1b][0xef][0xef]B[0xb][0x82][0xd0][0xab][0x83]$zM[0xe9]8[0xfa][0xb5][0xa8]I[0xaf][0x8d][0xb][0xd3][0xb][0xf3]uz[0xf1]4D[0x7][0x13][0x1]No[0xeb]s[0x99][0xd7][0xf4][0xcf][0xb8][0xab][0xf]#D[0xdf]D[0x13][0xfd][0x0][0x10][0xb5][0xc3][0x85]u[0xda]s,[0x98]:[0x16]o[0xd2]/@8R[0x13]$[0x91]J[0xd2]!4[0x8d][0xa8]?*[0xe2][0xd2][0xa3][0x1c]_[0x1d]%[0xd3][0x80][0xb3]s[0x0][0xd6][0x1e][0xc4][0xa9](W[0xbb][0xbc]~[0xd0]W[0xc4][0xd9][0xeb][0xcb][0xdc][0x16][0x8f][0xb1][0xdc]f[0xaf][0x1]n[0xde]|aq[0xde]Q[0x16]:[0x9b][0x8c]w[0xf7][0xa2][0x3][0xa1][0xe7][0x94]A[0xfa][0x9c][0x9e]t[0x0][0xdd]R[0xd4][0xa0][0xd3][0xc5]e[0xe8]D[0xf9][0x12][0x9d]p[0x1a][0x8c][0xde]4[0x80][0xc7]V[0xac][0xb6][0xa5]|[\n]"
2023-05-02 17:32:09 DEBUG wire:73 - http-outgoing-0 << "J[0x94][0x85] [0x91]#[0xcf]u-[0xba][0xfb]3Q_[0xa3][0xce][0x90][0x7][0xbb][0x6][0x13][0x86]M[0xe][0xe][0xb3]T[0xba][0xd9]x[0x97][0x17]Z[0x10][0x99]^[0x1d]d[0xd3]kJ[0xa7][0xd3][0xaf]E}zm\[0xa1]^[0x98]o[0xd4][0x8b][0xa7]Q:[0x98][0x8]p[0xba][0xcf]W[0xd5][0xb1].[0xab]s[0xff][0xe8]X[0xff]L[0xd8][0xd8]Ca[0xdd][0x17][0xb2]qL[0x91][0xa7][0xc2][0xfc][0x1][0xc3]J[0xfd][0xb3],[0xa4]N4[0xde][0xe8][0xcb][0x12][0x84][0xa8][0xdb][0x6][0x9]u[0x8b][0xd2][0x1][0xf5]ZQ[0x9f]n[0x19][0x97][0xa7][0x9b][0xe5][0xeb]t[0xd3]ip[0xfa][0xf3][0x0]6[0xdb][0xfc]A[0xd0]3[0xd1][0xb3][0x91][0x7][0xc8][0x16]O[0xd1]*[0x91]'[0xc8]h[0xb4][0xb0]G:[0xc5][0x92][0xd8][0x87][0xe2][\r][0xba]qD[0x9f][0xea][0x81][0xdc][0xa9][0x8a]t[0xe2]t[0x1f]jM[0xd5]p[0x95][0xa9][0x14][0xdf][0x97][0xca][0xa5][0x91]E3[0x0][0xa6]V[0xf9]F[0xac][0xe9]J7[0xf2],[0xcb][0xe2]*[0xda][0x14][0xf2]0[0xb][0x8d][0x16]6E[0xa7]X[0xa6][0xfa]P[0xbc])7[0x8e][0x98]R=[0x90])U[0x91][0xce][0x94][0xee]CM[0xa9][0x1a][0xae])[0x95][0xe2][0x9b]R[0xb9]4[0xa6]h[0x6][0xc0]T[[0x1d][0xba]7[0x15][0xd0][0x8d][0xce][0xd9][0xc8][0x3]+[0x8b]Y4+[0xe4][0x89][0x15]g[0xba][0xb0],[0xe7] [0xb][0x17][0xe5][0xe2]}[\r][0x1a][0x10]b[0xa6][\n]"
2023-05-02 17:32:09 DEBUG wire:87 - http-outgoing-0 << "RfZ[0xd2]A[0xb3][0x95][0xa8]5[0xd3][0xc4][0xe5]f[0x82]|q&[0x9a][0x6][0x9d]3[0x9][0xe0]./[0xfb]wz[0xdd][0x8b][0xa6]1[0xf7]XF[0x16][0xef][0x8b][0xe8][0xc5][0xfb][0xc]Y[0xbc][0xf]&[0xc][0xfb][0x1b][0x1c]f[0x19]t[0xb3][0xf1][0xe]/[0xb4] [0x16][0xbd]:[0xc8][0xa3][0xd7][0x94][0xce][0xa4]_[0x8b][0xba][0xf4][0xda][0xb8]6[0xbd]0[0xdf][0xa7][0x17]Oct0[0x11][0xe0][0xb4][0xae]vyi[0xbe][0xe8][0x1c][0xd9][0xd4]/[0xa2]7[0xf5]3dSof[0xb][0xdb]4[0xc7]X*U*[0xde][0xa3][0x97]G$[0xea]"
2023-05-02 17:32:09 DEBUG headers:122 - http-outgoing-0 << HTTP/1.1 200 OK
2023-05-02 17:32:09 DEBUG headers:125 - http-outgoing-0 << Server: GitHub.com
2023-05-02 17:32:09 DEBUG headers:125 - http-outgoing-0 << Date: Tue, 02 May 2023 14:32:09 GMT
2023-05-02 17:32:09 DEBUG headers:125 - http-outgoing-0 << Content-Type: application/json; charset=utf-8
2023-05-02 17:32:09 DEBUG headers:125 - http-outgoing-0 << Cache-Control: public, max-age=60, s-maxage=60
2023-05-02 17:32:09 DEBUG headers:125 - http-outgoing-0 << Vary: Accept, Accept-Encoding, Accept, X-Requested-With
2023-05-02 17:32:09 DEBUG headers:125 - http-outgoing-0 << ETag: W/"92bbe2ab4c3652a8ae61fd0cdc63a1f995fcb7b74a885ba6d2fa8cea04b69b05"
2023-05-02 17:32:09 DEBUG headers:125 - http-outgoing-0 << X-GitHub-Media-Type: github.v3; format=json
2023-05-02 17:32:09 DEBUG headers:125 - http-outgoing-0 << Link: <https://api.github.com/users?since=46>; rel="next", <https://api.github.com/users{?since}>; rel="first"
2023-05-02 17:32:09 DEBUG headers:125 - http-outgoing-0 << x-github-api-version-selected: 2022-11-28
2023-05-02 17:32:09 DEBUG headers:125 - http-outgoing-0 << Access-Control-Expose-Headers: ETag, Link, Location, Retry-After, X-GitHub-OTP, X-RateLimit-Limit, X-RateLimit-Remaining, X-RateLimit-Used, X-RateLimit-Resource, X-RateLimit-Reset, X-OAuth-Scopes, X-Accepted-OAuth-Scopes, X-Poll-Interval, X-GitHub-Media-Type, X-GitHub-SSO, X-GitHub-Request-Id, Deprecation, Sunset
2023-05-02 17:32:09 DEBUG headers:125 - http-outgoing-0 << Access-Control-Allow-Origin: *
2023-05-02 17:32:09 DEBUG headers:125 - http-outgoing-0 << Strict-Transport-Security: max-age=31536000; includeSubdomains; preload
2023-05-02 17:32:09 DEBUG headers:125 - http-outgoing-0 << X-Frame-Options: deny
2023-05-02 17:32:09 DEBUG headers:125 - http-outgoing-0 << X-Content-Type-Options: nosniff
2023-05-02 17:32:09 DEBUG headers:125 - http-outgoing-0 << X-XSS-Protection: 0
2023-05-02 17:32:09 DEBUG headers:125 - http-outgoing-0 << Referrer-Policy: origin-when-cross-origin, strict-origin-when-cross-origin
2023-05-02 17:32:09 DEBUG headers:125 - http-outgoing-0 << Content-Security-Policy: default-src 'none'
2023-05-02 17:32:09 DEBUG headers:125 - http-outgoing-0 << Content-Encoding: gzip
2023-05-02 17:32:09 DEBUG headers:125 - http-outgoing-0 << X-RateLimit-Limit: 60
2023-05-02 17:32:09 DEBUG headers:125 - http-outgoing-0 << X-RateLimit-Remaining: 57
2023-05-02 17:32:09 DEBUG headers:125 - http-outgoing-0 << X-RateLimit-Reset: 1683040652
2023-05-02 17:32:09 DEBUG headers:125 - http-outgoing-0 << X-RateLimit-Resource: core
2023-05-02 17:32:09 DEBUG headers:125 - http-outgoing-0 << X-RateLimit-Used: 3
2023-05-02 17:32:09 DEBUG headers:125 - http-outgoing-0 << Accept-Ranges: bytes
2023-05-02 17:32:09 DEBUG headers:125 - http-outgoing-0 << Content-Length: 2150
2023-05-02 17:32:09 DEBUG headers:125 - http-outgoing-0 << X-GitHub-Request-Id: F367:79C7:FB5E085:FDFD690:64511EE9
2023-05-02 17:32:09 DEBUG MainClientExec:285 - Connection can be kept alive indefinitely
2023-05-02 17:32:09 DEBUG wire:73 - http-outgoing-0 << ""[0xc8][0xa0][0xee]H[0xa7][0x8f][\n]"
2023-05-02 17:32:09 DEBUG wire:73 - http-outgoing-0 << "Qw[0xba][0x87]+N[0xc7][0xf8][0xd6]t0[0x8d]23[0x5][0xe0]kw|[0xc8][0xe9][0xed][0x9][0xb3][0x91]-[0xfb]"z[0xcb]>C[0xb6][0xec]4ZX[0x17][0x9d]b[0xe1][0xea]C[0xf1][0xb6][0xdc]8BK[0xf5]@[0xb2]TE:X[0xba][0xf]u[0xa5]j[0xb8][0xac]T[0x8a][0xaf]J[0xe5][0xd2][0xa0][0xa2][0x19][0x0]Swyyj[0xe4][0xf4][0xad][0x92]ld[0x9b][0xbe][0x8c][0xde][0xa6]g[0xc8]6[0xdd][0x99].,[0xcb]9[0xc8][0xc2]E[0xb9]x_[0x83][0x6][0x84][0x98][0xa9][0x82][0x94][0x99][0x96]t[0xd0]l%j[0xcd]4q[0xb9][0x99] _[0x9c][0x89][0xa6]A[0xe7]L[0x2][0xb8]k[0xab][0xbd]}[0xcf][0xf8][0xc8][0xc2]|[0x19][0xbd]0[0xcf][0xa0][0x85][0xb9][0x1e]-,[0x8e]~[0x3],n}([0xde][0x9a][0x1b]G[0xa0][0xa9][0x1e]H[0x99][0xaa]HGL[0xf7][0xa1][0xbe]T[\r][0x17][0x97]J[0xf1]e[0xa9]\[0x1a]V4[0x3]`[0xaa][0xce][0x8b]]s_[0xb4][0xcd][0x91][0xae]f#+[0xee]e[0xf4][0x8a];CV[0xdc][0xde]|a][0xde]Q[0x16]1[0x9b][0x8c]w[0xf6][0xa2][0x3][0xc1][0xe6][0x94]A[0xe2][0x9c][0x9e]t[0xec][0xdc]R[0xd4][0x9e][0xd3][0xc5][0x5][0xe8]D[0xf9][\n]"
2023-05-02 17:32:09 DEBUG wire:73 - http-outgoing-0 << "[0x9d]p[0x1a][0x8a][0xde]4[0x80][0xc7][0xb2]hsZ[0x16]d#[0x9f][0xd7][0xb0]|[0x1d][0xbb],[0xc8][0x90][0xf]l[0xa0][0xd1][0xc2][\n]"
2023-05-02 17:32:09 DEBUG wire:73 - http-outgoing-0 << "[0xe9][0x14][0xb]`[0x1f][0x8a][0xb7][0xe7][0xc6][0x11]v[0xaa][0x7][0x12][0xa7]*[0xd2]a[0xd3]}[0xa8]3U[0xc3]%[0xa6]R|]*[0x97][0x6][0x16][0xcd][0x0][0x98][0x92][0xcf]m>[0x16];[0xba][0xbe][0x8d],[0xb6][0x97][0xd1][0x8b][0xed][0xc]Yl[0x9b][0xd9][0xc2][0xaa][0xcc]1[0x16]+[0x95][0x8a]w[0xe5][0xe5][0x11]X[0xba][0x8][0x92][0xa5];[0xd2][0xd1][0xa2]B[0xd4][0x96][0xee][0xe1][0xe2][0xd2]1[0xbe].[0x1d]L[0xc3][0xcb]L[0x1][0xf8][0xfa][0xad][0xa8][0x8b][0xf2]s~[0xa2]E[6[0xb2][0xe4]^F/[0xb9]3d[0xc9][0xed][0x8e][0x17]V[0xe6][0x9e]dA3[0xc1]xk[0xc3][\n]"
2023-05-02 17:32:09 DEBUG wire:73 - http-outgoing-0 << "[0x84][0x9b][0xed][0x82][0xc4][0xd9][0x9a]t[0xe8][0x9c]N[0xd4][0x9d][0xad][0xe2][0xd2][0xb3]I[0xbe]>[0x9b]M[0x3][0xd0][0x9d][0x5]0x[0x9f][0xef]E[0xb3][0xa9]v[0xc5][0x8a][0xde][0xe4][0x93][0x8d][0xac][0xbb][0x97][0xd1][0xeb][0xee][0xc]Yw[0xfb][0x3][0x86][0x1d][0xfa]gY[0x12][0x9d]h[0xbc][0xc5][0x97]%[0x88]F[0xb7][\r][0xf2][0xe8][0x16][0xa5][0x13][0xe9][0xb5][0xa2]&[0xdd]2[0xae]J7[0xcb]w[0xe9][0xa6][0xd3][0xc8][0xf4][0xe7][0x1]l[0xe6][0xed][0xbe][0xff]p[0xdc][0xee][0x1d][0x4][0xd9][0xc8][0x8a]{[0x19][0xbd][0xe2][0xce][0x90][0x15]7[0x8d][0x16][0xf6]H[0xa7]X[0x12][0xfb]P[0xbc]A7[0x8e][0xe8]S=[0x90];U[0x91]N[0x9c][0xee]C[0xad][0xa9][0x1a][0xae]2[0x95][0xe2][0xfb]R[0xb9]4[0xb2]h[0x6][0xc0][0x94][0xa8][0xeb][0xbb]Z[0xd0]W[0x9c][0xf3][0xc1][0x9d][0x92][0xeb][0xf3][0x97][0x87][0xf][0xe7][0xbf]f[0xbf][0x1c][0xf3]o[0x87][0xed][0xfa][0xd7][0xdd][0xe9][0xf6][0xfe]&[0xfa][0xae][0xc9][0x1c][0xb9]kb[0x7][\r][0x1b][0xb3][0xe7]X[0xca]t,[0xde][0x99]_[0x80]H[0xa3]&[0xc8][0x1a][0x95][0xa4][0xd3]f[0x1a]QoT[0xc4][0x15]G9[0xbe]9J[0xa6]Qg[0xe7][0x18]q[0xf7][0xc5][0xf9][0xd4]xy[0xb9][\n]"
2023-05-02 17:32:09 DEBUG wire:87 - http-outgoing-0 << "~Vz[0xf7][0x91][0xfe][0xeb]2[0xd7]W[0xb5][0xf9][0xc8]M[0x95][0x9b][0xe8][0x9b]*s[0xe4][0xa6][0x8a][0x1d].l[0xce][0x9e]c[0x99][0xd3][0xb1]xs~[0x1]b[0x8e][0x9a] sT[0x92][0xce][0x9c]iD[0xcd]Q[0x11][0xd7][0x1c][0xe5][0xf8][0xe6]([0x99][0xc6][0x9c][0x9d]c[0xc4][0xdc][0xff][0xf9][0xff][0x12][0xdc][0xee][0x8b]'Q[0xe7]%[0xed][0x5][0xe6]#[0xf7]Wn[0xa2][0xef][0xaf][0xcc][0x91][0xfb]+[0xee]xao[0xee]I[0x96]8[0x13][0x8c]77[0xac]@[0xd4][0xd9].[0xc8][0x9d][0xad]I'[0xcf][0xe9]D[0xed][0xd9]*[0xae]>[0x9b][0xe4][0xfb][0xb3][0xd9]4[0x2][0xdd]Y[0xb8][0x6][0xff][0xf9][0xf][0xa5][0x7][0xaf]}[0x87]g[0x0][0x0]"
2023-05-02 17:32:09 DEBUG PoolingHttpClientConnectionManager:344 - Connection [id: 0][route: {s}->https://api.github.com:443] can be kept alive indefinitely
2023-05-02 17:32:09 DEBUG DefaultManagedHttpClientConnection:88 - http-outgoing-0: set socket timeout to 0
2023-05-02 17:32:09 DEBUG PoolingHttpClientConnectionManager:351 - Connection released: [id: 0][route: {s}->https://api.github.com:443][total available: 1; route allocated: 1 of 2; total allocated: 1 of 20]
